[2025-02-03 18:45:07.2410 -05:00] [INFO] [, Ln: 94] Module file '.\html\vars.psm1' was imported successfully
[2025-02-03 18:45:07.2593 -05:00] [INFO] [, Ln: 97] Module file '.\html\HtmlReportStaticPages.psm1' was imported successfully
[2025-02-03 18:45:07.3346 -05:00] [INFO] [Export-HtmlReport, Ln: 152] Module file '.\001-HtmlDevices.psm1' was imported successfully
[2025-02-03 18:45:07.3740 -05:00] [INFO] [Export-HtmlReport, Ln: 152] Module file '.\002-HtmlUser.psm1' was imported successfully
[2025-02-03 18:45:07.4376 -05:00] [INFO] [Export-HtmlReport, Ln: 152] Module file '.\009-HtmlBitLocker.psm1' was imported successfully
[2025-02-03 18:45:07.4854 -05:00] [INFO] [Export-HtmlReport, Ln: 152] Module file '.\008-HtmlFirewall.psm1' was imported successfully
[2025-02-03 18:45:07.5176 -05:00] [INFO] [Export-HtmlReport, Ln: 152] Module file '.\006-HtmlPrefetch.psm1' was imported successfully
[2025-02-03 18:45:07.5993 -05:00] [INFO] [Export-HtmlReport, Ln: 152] Module file '.\003-HtmlNetwork.psm1' was imported successfully
[2025-02-03 18:45:07.6452 -05:00] [INFO] [Export-HtmlReport, Ln: 152] Module file '.\004-HtmlProcess.psm1' was imported successfully
[2025-02-03 18:45:08.0970 -05:00] [INFO] [Export-HtmlReport, Ln: 152] Module file '.\005-HtmlSystem.psm1' was imported successfully
[2025-02-03 18:45:08.1797 -05:00] [INFO] [Export-HtmlReport, Ln: 152] Module file '.\007-HtmlEventLog.psm1' was imported successfully
[2025-02-03 18:45:08.2295 -05:00] [INFO] [Export-HtmlReport, Ln: 152] Module file '.\010-HtmlFiles.psm1' was imported successfully
[2025-02-03 18:45:08.2390 -05:00] [INFO] [Export-HtmlReport, Ln: 156] Trige exam began at 2025-02-03 18:45:07.2790 -05:00
[2025-02-03 18:45:08.2880 -05:00] [INFO] [Export-HtmlReport, Ln: 166] 'E:\DFIR-SCRIPTS\tx3-triage\20250203_184506_192.168.56.1_HP-PROBOOK-MAS\Resources' directory was created
[2025-02-03 18:45:08.3549 -05:00] [INFO] [Export-HtmlReport, Ln: 170] 'E:\DFIR-SCRIPTS\tx3-triage\20250203_184506_192.168.56.1_HP-PROBOOK-MAS\Resources\css' directory was created
[2025-02-03 18:45:08.4064 -05:00] [INFO] [Export-HtmlReport, Ln: 173] 'E:\DFIR-SCRIPTS\tx3-triage\20250203_184506_192.168.56.1_HP-PROBOOK-MAS\Resources\pages' directory was created
[2025-02-03 18:45:08.4750 -05:00] [INFO] [Export-HtmlReport, Ln: 176] 'E:\DFIR-SCRIPTS\tx3-triage\20250203_184506_192.168.56.1_HP-PROBOOK-MAS\Resources\static' directory was created
[2025-02-03 18:45:08.5386 -05:00] [INFO] [Export-HtmlReport, Ln: 179] 'E:\DFIR-SCRIPTS\tx3-triage\20250203_184506_192.168.56.1_HP-PROBOOK-MAS\Resources\files' directory was created
[2025-02-03 18:45:08.5710 -05:00] [INFO] [Export-HtmlReport, Ln: 182] 'E:\DFIR-SCRIPTS\tx3-triage\20250203_184506_192.168.56.1_HP-PROBOOK-MAS\Resources\images' directory was created
[2025-02-03 18:45:08.7377 -05:00] [INFO] [Export-HtmlReport, Ln: 188] images files were copied from the source directory to the E:\DFIR-SCRIPTS\tx3-triage\20250203_184506_192.168.56.1_HP-PROBOOK-MAS\Resources\images directory
[2025-02-03 18:45:08.7718 -05:00] [INFO] [Export-HtmlReport, Ln: 194] 'E:\DFIR-SCRIPTS\tx3-triage\20250203_184506_192.168.56.1_HP-PROBOOK-MAS\Resources\css\style.css' file was created
[2025-02-03 18:45:08.7885 -05:00] [INFO] [Export-HtmlReport, Ln: 200] 'E:\DFIR-SCRIPTS\tx3-triage\20250203_184506_192.168.56.1_HP-PROBOOK-MAS\Resources\css\readme.css' file was created
[2025-02-03 18:45:08.8217 -05:00] [INFO] [Export-HtmlReport, Ln: 206] 'E:\DFIR-SCRIPTS\tx3-triage\20250203_184506_192.168.56.1_HP-PROBOOK-MAS\Resources\css\nav.css' file was created
[2025-02-03 18:45:08.8556 -05:00] [INFO] [Export-HtmlReport, Ln: 212] 'E:\DFIR-SCRIPTS\tx3-triage\20250203_184506_192.168.56.1_HP-PROBOOK-MAS\Resources\css\front.css' file was created
[2025-02-03 18:45:08.8811 -05:00] [INFO] [Export-HtmlReport, Ln: 218] 'E:\DFIR-SCRIPTS\tx3-triage\20250203_184506_192.168.56.1_HP-PROBOOK-MAS\TriageReport.html' file was created
[2025-02-03 18:45:08.9012 -05:00] [INFO] [Export-HtmlReport, Ln: 224] 'E:\DFIR-SCRIPTS\tx3-triage\20250203_184506_192.168.56.1_HP-PROBOOK-MAS\Resources\static\nav.html' file was created
[2025-02-03 18:45:08.9584 -05:00] [INFO] [Export-HtmlReport, Ln: 230] 'E:\DFIR-SCRIPTS\tx3-triage\20250203_184506_192.168.56.1_HP-PROBOOK-MAS\Resources\static\front.html' file was created
[2025-02-03 18:45:08.9860 -05:00] [INFO] [Export-HtmlReport, Ln: 236] 'E:\DFIR-SCRIPTS\tx3-triage\20250203_184506_192.168.56.1_HP-PROBOOK-MAS\Resources\static\readme.html' file was created
[2025-02-03 18:45:09.0015 -05:00] [INFO] [Export-HtmlReport, Ln: 248] Compiling the tx3-triage report in .html format
[2025-02-03 18:45:09.0129 -05:00] [INFO] [Export-HtmlReport, Ln: 253] 'Invoke-DeviceOutput' function was run
[2025-02-03 18:45:23.9072 -05:00] [INFO] [Export-DeviceHtmlPage, Ln: 28] Output from Get-VariousData saved to 001_DeviceInfo.html
[2025-02-03 18:45:24.3370 -05:00] [INFO] [Export-DeviceHtmlPage, Ln: 54] Output from Get-TPMData saved to 001_DeviceInfo.html
[2025-02-03 18:45:24.8769 -05:00] [INFO] [Export-DeviceHtmlPage, Ln: 80] Output from Get-PSInfo saved to 001_DeviceInfo.html
[2025-02-03 18:45:24.9875 -05:00] [INFO] [Export-DeviceHtmlPage, Ln: 106] Output from Get-PSDriveData saved to 001_DeviceInfo.html
[2025-02-03 18:45:25.0515 -05:00] [INFO] [Export-DeviceHtmlPage, Ln: 132] Output from Get-LogicalDiskData saved to 001_DeviceInfo.html
[2025-02-03 18:45:27.6736 -05:00] [INFO] [Export-DeviceHtmlPage, Ln: 158] Output from Get-ComputerData saved to 001_DeviceInfo.html
[2025-02-03 18:45:30.1746 -05:00] [INFO] [Export-DeviceHtmlPage, Ln: 184] Output from Get-SystemDataCMD saved to 001_DeviceInfo.html
[2025-02-03 18:45:30.3050 -05:00] [INFO] [Export-DeviceHtmlPage, Ln: 210] Output from Get-SystemDataPS saved to 001_DeviceInfo.html
[2025-02-03 18:45:30.4575 -05:00] [INFO] [Export-DeviceHtmlPage, Ln: 236] Output from Get-OperatingSystemData saved to 001_DeviceInfo.html
[2025-02-03 18:45:30.5511 -05:00] [INFO] [Export-DeviceHtmlPage, Ln: 262] Output from Get-PhysicalMemory saved to 001_DeviceInfo.html
[2025-02-03 18:45:30.6215 -05:00] [INFO] [Export-DeviceHtmlPage, Ln: 288] Output from Get-EnvVars saved to 001_DeviceInfo.html
[2025-02-03 18:45:30.9129 -05:00] [INFO] [Export-DeviceHtmlPage, Ln: 314] Output from Get-PhysicalDiskData saved to 001_DeviceInfo.html
[2025-02-03 18:45:31.0200 -05:00] [INFO] [Export-DeviceHtmlPage, Ln: 340] Output from Get-DiskPartitions saved to 001_DeviceInfo.html
[2025-02-03 18:45:31.1220 -05:00] [INFO] [Export-DeviceHtmlPage, Ln: 366] Output from Get-Win32DiskParts saved to 001_DeviceInfo.html
[2025-02-03 18:45:31.2626 -05:00] [INFO] [Export-DeviceHtmlPage, Ln: 392] Output from Get-Win32StartupApps saved to 001_DeviceInfo.html
[2025-02-03 18:45:31.8719 -05:00] [INFO] [Export-DeviceHtmlPage, Ln: 421] Output from Get-SoftwareLicenseData saved to 001_DeviceInfo.html
[2025-02-03 18:45:38.0605 -05:00] [INFO] [Export-DeviceHtmlPage, Ln: 447] Output from Get-AutoRunsData saved to 001_DeviceInfo.html
[2025-02-03 18:45:39.1490 -05:00] [INFO] [Export-DeviceHtmlPage, Ln: 474] Output from Get-BiosData saved to 001_DeviceInfo.html
[2025-02-03 18:45:39.5269 -05:00] [INFO] [Export-DeviceHtmlPage, Ln: 500] Output from Get-ConnectedDevices saved to 001_DeviceInfo.html
[2025-02-03 18:45:40.8126 -05:00] [INFO] [Export-DeviceHtmlPage, Ln: 532] Output from Get-HardwareInfo saved to 001_DeviceInfo.html
[2025-02-03 18:45:48.7876 -05:00] [INFO] [Export-DeviceHtmlPage, Ln: 558] Output from Get-Win32Products saved to 001_DeviceInfo.html
[2025-02-03 18:45:50.3003 -05:00] [INFO] [Export-DeviceHtmlPage, Ln: 584] Output from Get-OpenWindowTitles saved to 001_DeviceInfo.html
[2025-02-03 18:45:50.5200 -05:00] [INFO] [Export-HtmlReport, Ln: 259] 'Invoke-UserOutput' function was run
[2025-02-03 18:45:50.6313 -05:00] [INFO] [Export-UserHtmlPage, Ln: 27] Output from Get-WhoAmI saved to 002_UserInfo.html
[2025-02-03 18:45:50.7094 -05:00] [INFO] [Export-UserHtmlPage, Ln: 52] Output from Get-UserProfile saved to 002_UserInfo.html
[2025-02-03 18:45:50.8508 -05:00] [INFO] [Export-UserHtmlPage, Ln: 77] Output from Get-UserInfo saved to 002_UserInfo.html
[2025-02-03 18:45:50.9428 -05:00] [INFO] [Export-UserHtmlPage, Ln: 102] Output from Get-LocalUserData saved to 002_UserInfo.html
[2025-02-03 18:45:51.0634 -05:00] [INFO] [Export-UserHtmlPage, Ln: 127] Output from Get-LogonSession saved to 002_UserInfo.html
[2025-02-03 18:46:04.8820 -05:00] [INFO] [Export-UserHtmlPage, Ln: 164] Output from Get-LastLogons saved to 002_UserInfo.html
[2025-02-03 18:46:05.6247 -05:00] [INFO] [Export-HtmlReport, Ln: 265] 'Invoke-NetworkOutput' function was run
[2025-02-03 18:46:05.7220 -05:00] [INFO] [Export-NetworkHtmlPage, Ln: 29] Output from Get-NetworkConfig saved to 003_NetworkInfo.html
[2025-02-03 18:46:05.8724 -05:00] [INFO] [Export-NetworkHtmlPage, Ln: 54] Output from Get-OpenNetworkConnections saved to 003_NetworkInfo.html
[2025-02-03 18:46:05.9916 -05:00] [INFO] [Export-NetworkHtmlPage, Ln: 79] Output from Get-NetstatBasic saved to 003_NetworkInfo.html
[2025-02-03 18:46:07.3927 -05:00] [INFO] [Export-NetworkHtmlPage, Ln: 188] Output from Get-NetstatDetailed saved to 003_NetworkInfo.html
[2025-02-03 18:46:07.5385 -05:00] [INFO] [Export-NetworkHtmlPage, Ln: 213] Output from Get-NetTcpConnectionsAsTxt saved to 003_NetworkInfo.html
[2025-02-03 18:46:07.7732 -05:00] [INFO] [Export-NetworkHtmlPage, Ln: 236] Output from Get-NetTcpConnectionsAsCsv saved to 003_NetworkInfo.html
[2025-02-03 18:46:07.9529 -05:00] [INFO] [Export-NetworkHtmlPage, Ln: 261] Output from Get-NetworkAdapters saved to 003_NetworkInfo.html
[2025-02-03 18:46:08.5222 -05:00] [INFO] [Export-NetworkHtmlPage, Ln: 286] Output from Get-NetIPConfig saved to 003_NetworkInfo.html
[2025-02-03 18:46:08.6771 -05:00] [INFO] [Export-NetworkHtmlPage, Ln: 311] Output from Get-RouteData saved to 003_NetworkInfo.html
[2025-02-03 18:46:08.7617 -05:00] [INFO] [Export-NetworkHtmlPage, Ln: 336] Output from Get-IPConfig saved to 003_NetworkInfo.html
[2025-02-03 18:46:08.8972 -05:00] [INFO] [Export-NetworkHtmlPage, Ln: 361] Output from Get-ARPData saved to 003_NetworkInfo.html
[2025-02-03 18:46:09.0810 -05:00] [INFO] [Export-NetworkHtmlPage, Ln: 386] Output from Get-NetIPAddrs saved to 003_NetworkInfo.html
[2025-02-03 18:46:09.2060 -05:00] [INFO] [Export-NetworkHtmlPage, Ln: 411] Output from Get-HostsFile saved to 003_NetworkInfo.html
[2025-02-03 18:46:09.2689 -05:00] [INFO] [Export-NetworkHtmlPage, Ln: 436] Output from Get-NetworksFile saved to 003_NetworkInfo.html
[2025-02-03 18:46:09.3224 -05:00] [INFO] [Export-NetworkHtmlPage, Ln: 461] Output from Get-ProtocolFile saved to 003_NetworkInfo.html
[2025-02-03 18:46:09.3859 -05:00] [INFO] [Export-NetworkHtmlPage, Ln: 486] Output from Get-ServicesFile saved to 003_NetworkInfo.html
[2025-02-03 18:46:09.4595 -05:00] [INFO] [Export-NetworkHtmlPage, Ln: 511] Output from Get-SmbShares saved to 003_NetworkInfo.html
[2025-02-03 18:46:09.9355 -05:00] [INFO] [Export-NetworkHtmlPage, Ln: 536] Output from Get-WifiPasswords saved to 003_NetworkInfo.html
[2025-02-03 18:46:10.0582 -05:00] [INFO] [Export-NetworkHtmlPage, Ln: 561] Output from Get-NetInterfaces saved to 003_NetworkInfo.html
[2025-02-03 18:46:10.2171 -05:00] [INFO] [Export-NetworkHtmlPage, Ln: 586] Output from Get-NetRouteData saved to 003_NetworkInfo.html
[2025-02-03 18:46:10.4079 -05:00] [INFO] [Export-NetworkHtmlPage, Ln: 611] Output from Get-DnsCacheDataAsTxt saved to 003_NetworkInfo.html
[2025-02-03 18:46:10.5232 -05:00] [INFO] [Export-NetworkHtmlPage, Ln: 634] Output from Get-DnsCacheDataAsCsv saved to 003_NetworkInfo.html
[2025-02-03 18:46:10.6349 -05:00] [INFO] [Export-HtmlReport, Ln: 271] 'Invoke-ProcessOutput' function was run
[2025-02-03 18:46:10.8884 -05:00] [INFO] [Export-ProcessHtmlPage, Ln: 29] Output from Get-RunningProcessesAll saved to 004_ProcessInfo.html
[2025-02-03 18:46:11.6684 -05:00] [INFO] [Export-ProcessHtmlPage, Ln: 52] Output from Get-RunningProcessesAsCsv saved to 004_ProcessInfo.html
[2025-02-03 18:46:27.1593 -05:00] [INFO] [Export-ProcessHtmlPage, Ln: 89] Output from Get-UniqueProcessHashAsCsv saved to 004_ProcessInfo.html
[2025-02-03 18:46:27.3417 -05:00] [INFO] [Export-ProcessHtmlPage, Ln: 114] Output from Get-SvcHostsAndProcesses saved to 004_ProcessInfo.html
[2025-02-03 18:46:28.3356 -05:00] [INFO] [Export-ProcessHtmlPage, Ln: 137] Output from Get-RunningServicesAsCsv saved to 004_ProcessInfo.html
[2025-02-03 18:46:28.9015 -05:00] [INFO] [Export-ProcessHtmlPage, Ln: 162] Output from Get-InstalledDrivers saved to 004_ProcessInfo.html
[2025-02-03 18:46:29.0529 -05:00] [INFO] [Export-HtmlReport, Ln: 277] 'Invoke-SystemOutput' function was run
[2025-02-03 18:48:44.6838 -05:00] [INFO] [Export-SystemHtmlPage, Ln: 123] Output from Get-OpenFiles saved to 005_SystemInfo.html
[2025-02-03 18:48:44.7985 -05:00] [INFO] [Export-SystemHtmlPage, Ln: 148] Output from Get-OpenShares saved to 005_SystemInfo.html
[2025-02-03 18:48:45.3946 -05:00] [INFO] [Export-SystemHtmlPage, Ln: 198] Output from Get-ScheduledTasks saved to 005_SystemInfo.html
[2025-02-03 18:48:46.2909 -05:00] [INFO] [Export-SystemHtmlPage, Ln: 223] Output from Get-ScheduledTasksRunInfo saved to 005_SystemInfo.html
[2025-02-03 18:48:47.3015 -05:00] [INFO] [Export-SystemHtmlPage, Ln: 248] Output from Get-HotFixesData saved to 005_SystemInfo.html
[2025-02-03 18:48:47.4930 -05:00] [INFO] [Export-SystemHtmlPage, Ln: 273] Output from Get-InstalledAppsFromAppx saved to 005_SystemInfo.html
[2025-02-03 18:48:49.2880 -05:00] [INFO] [Export-SystemHtmlPage, Ln: 298] Output from Get-VolumeShadowsData saved to 005_SystemInfo.html
[2025-02-03 18:48:49.3800 -05:00] [INFO] [Export-SystemHtmlPage, Ln: 323] Output from Get-TempInternetFiles saved to 005_SystemInfo.html
[2025-02-03 18:48:50.6091 -05:00] [INFO] [Export-SystemHtmlPage, Ln: 373] Output from Get-GroupPolicy saved to 005_SystemInfo.html
[2025-02-03 18:48:50.7037 -05:00] [INFO] [Export-SystemHtmlPage, Ln: 398] Output from Get-AuditPolicy saved to 005_SystemInfo.html
[2025-02-03 18:48:51.2280 -05:00] [INFO] [Export-SystemHtmlPage, Ln: 445] Output from Get-RegistryValues saved to 005_SystemInfo.html
[2025-02-03 18:48:51.3054 -05:00] [INFO] [Export-SystemHtmlPage, Ln: 445] Output from Get-RegistryValues saved to 005_SystemInfo.html
[2025-02-03 18:48:51.3859 -05:00] [INFO] [Export-SystemHtmlPage, Ln: 445] Output from Get-RegistryValues saved to 005_SystemInfo.html
[2025-02-03 18:48:51.4527 -05:00] [INFO] [Export-SystemHtmlPage, Ln: 445] Output from Get-RegistryValues saved to 005_SystemInfo.html
[2025-02-03 18:48:51.5279 -05:00] [INFO] [Export-SystemHtmlPage, Ln: 445] Output from Get-RegistryValues saved to 005_SystemInfo.html
[2025-02-03 18:48:51.6233 -05:00] [INFO] [Export-SystemHtmlPage, Ln: 445] Output from Get-RegistryValues saved to 005_SystemInfo.html
[2025-02-03 18:48:51.8022 -05:00] [INFO] [Export-SystemHtmlPage, Ln: 445] Output from Get-RegistryValues saved to 005_SystemInfo.html
[2025-02-03 18:48:52.0394 -05:00] [INFO] [Export-SystemHtmlPage, Ln: 445] Output from Get-RegistryValues saved to 005_SystemInfo.html
[2025-02-03 18:48:52.4797 -05:00] [INFO] [Export-SystemHtmlPage, Ln: 445] Output from Get-RegistryValues saved to 005_SystemInfo.html
[2025-02-03 18:48:52.5688 -05:00] [INFO] [Export-SystemHtmlPage, Ln: 445] Output from Get-RegistryValues saved to 005_SystemInfo.html
[2025-02-03 18:48:52.6724 -05:00] [INFO] [Export-SystemHtmlPage, Ln: 445] Output from Get-RegistryValues saved to 005_SystemInfo.html
[2025-02-03 18:48:52.7528 -05:00] [INFO] [Export-SystemHtmlPage, Ln: 445] Output from Get-RegistryValues saved to 005_SystemInfo.html
[2025-02-03 18:48:52.9400 -05:00] [INFO] [Export-SystemHtmlPage, Ln: 445] Output from Get-RegistryValues saved to 005_SystemInfo.html
[2025-02-03 18:48:53.0197 -05:00] [INFO] [Export-SystemHtmlPage, Ln: 445] Output from Get-RegistryValues saved to 005_SystemInfo.html
[2025-02-03 18:48:53.1019 -05:00] [INFO] [Export-SystemHtmlPage, Ln: 445] Output from Get-RegistryValues saved to 005_SystemInfo.html
[2025-02-03 18:48:53.1634 -05:00] [INFO] [Export-SystemHtmlPage, Ln: 445] Output from Get-RegistryValues saved to 005_SystemInfo.html
[2025-02-03 18:48:53.2575 -05:00] [INFO] [Export-SystemHtmlPage, Ln: 445] Output from Get-RegistryValues saved to 005_SystemInfo.html
[2025-02-03 18:48:53.8448 -05:00] [INFO] [Export-SystemHtmlPage, Ln: 445] Output from Get-RegistryValues saved to 005_SystemInfo.html
[2025-02-03 18:48:54.3901 -05:00] [INFO] [Export-SystemHtmlPage, Ln: 445] Output from Get-RegistryValues saved to 005_SystemInfo.html
[2025-02-03 18:48:55.5233 -05:00] [INFO] [Export-SystemHtmlPage, Ln: 445] Output from Get-RegistryValues saved to 005_SystemInfo.html
[2025-02-03 18:48:56.0085 -05:00] [INFO] [Export-SystemHtmlPage, Ln: 445] Output from Get-RegistryValues saved to 005_SystemInfo.html
[2025-02-03 18:48:56.4887 -05:00] [INFO] [Export-SystemHtmlPage, Ln: 445] Output from Get-RegistryValues saved to 005_SystemInfo.html
[2025-02-03 18:48:56.6370 -05:00] [INFO] [Export-SystemHtmlPage, Ln: 445] Output from Get-RegistryValues saved to 005_SystemInfo.html
[2025-02-03 18:48:56.7426 -05:00] [INFO] [Export-SystemHtmlPage, Ln: 445] Output from Get-RegistryValues saved to 005_SystemInfo.html
[2025-02-03 18:49:36.3276 -05:00] [INFO] [Export-SystemHtmlPage, Ln: 480] Output from Get-HiddenFiles saved to 005_SystemInfo.html
[2025-02-03 18:49:50.9244 -05:00] [INFO] [Export-HtmlReport, Ln: 283] 'Invoke-PrefetchOutput' function was run
[2025-02-03 18:49:54.0928 -05:00] [INFO] [Export-PrefetchHtmlPage, Ln: 27] Output from Get-DetailedPrefetchData saved to 006_PrefetchInfo.html
[2025-02-03 18:49:54.9057 -05:00] [INFO] [Export-HtmlReport, Ln: 289] 'Invoke-EventLogOutput' function was run
[2025-02-03 18:49:55.0017 -05:00] [INFO] [Export-EventLogHtmlPage, Ln: 73] Output from Get-EventLogData saved to 007_EventLogInfo.html
[2025-02-03 18:49:55.0813 -05:00] [INFO] [Export-EventLogHtmlPage, Ln: 73] Output from Get-EventLogData saved to 007_EventLogInfo.html
[2025-02-03 18:49:55.4016 -05:00] [INFO] [Export-EventLogHtmlPage, Ln: 73] Output from Get-EventLogData saved to 007_EventLogInfo.html
[2025-02-03 18:49:55.6841 -05:00] [INFO] [Export-EventLogHtmlPage, Ln: 73] Output from Get-EventLogData saved to 007_EventLogInfo.html
[2025-02-03 18:49:56.0789 -05:00] [INFO] [Export-EventLogHtmlPage, Ln: 73] Output from Get-EventLogData saved to 007_EventLogInfo.html
[2025-02-03 18:49:56.4030 -05:00] [INFO] [Export-EventLogHtmlPage, Ln: 73] Output from Get-EventLogData saved to 007_EventLogInfo.html
[2025-02-03 18:49:56.6243 -05:00] [INFO] [Export-EventLogHtmlPage, Ln: 73] Output from Get-EventLogData saved to 007_EventLogInfo.html
[2025-02-03 18:49:56.7249 -05:00] [INFO] [Export-EventLogHtmlPage, Ln: 73] Output from Get-EventLogData saved to 007_EventLogInfo.html
[2025-02-03 18:49:56.9661 -05:00] [INFO] [Export-EventLogHtmlPage, Ln: 73] Output from Get-EventLogData saved to 007_EventLogInfo.html
[2025-02-03 18:49:57.1113 -05:00] [INFO] [Export-EventLogHtmlPage, Ln: 73] Output from Get-EventLogData saved to 007_EventLogInfo.html
[2025-02-03 18:49:58.1833 -05:00] [INFO] [Export-EventLogHtmlPage, Ln: 97] Output from Get-EventLogListBasic saved to 007_EventLogInfo.html
[2025-02-03 18:49:59.4642 -05:00] [INFO] [Export-EventLogHtmlPage, Ln: 125] Output from Get-EventLogEnabledList saved to 007_EventLogInfo.html
[2025-02-03 18:50:05.2437 -05:00] [INFO] [Export-EventLogHtmlPage, Ln: 157] Output from Get-SecurityEventCount saved to 007_EventLogInfo.html
[2025-02-03 18:50:09.6593 -05:00] [INFO] [Export-EventLogHtmlPage, Ln: 188] Output from Get-SecurityEventsLast30DaysAsTxt saved to 007_EventLogInfo.html
[2025-02-03 18:50:54.4261 -05:00] [INFO] [Export-EventLogHtmlPage, Ln: 219] Output from Get-SecurityEventsLast30DaysCsv saved to 007_EventLogInfo.html
[2025-02-03 18:50:54.9134 -05:00] [INFO] [Export-EventLogHtmlPage, Ln: 270] Output from Get-TerminalServiceEvents saved to 007_EventLogInfo.html
[2025-02-03 18:50:55.5934 -05:00] [INFO] [Export-HtmlReport, Ln: 295] 'Invoke-FirewallOutput' function was run
[2025-02-03 18:50:56.3696 -05:00] [INFO] [Export-FirewallHtmlPage, Ln: 27] Output from Get-FirewallRules saved to 008_FirewallInfo.html
[2025-02-03 18:51:01.2097 -05:00] [INFO] [Export-FirewallHtmlPage, Ln: 52] Output from Get-AdvFirewallRules saved to 008_FirewallInfo.html
[2025-02-03 18:51:01.5182 -05:00] [INFO] [Export-FirewallHtmlPage, Ln: 77] Output from Get-DefenderExclusions saved to 008_FirewallInfo.html
[2025-02-03 18:51:01.7483 -05:00] [INFO] [Export-HtmlReport, Ln: 301] 'Invoke-BitLockerOutput' function was run
[2025-02-03 18:51:02.4953 -05:00] [INFO] [Export-BitLockerHtmlPage, Ln: 27] Output from Search-BitlockerVolumes saved to 009_BitLockerInfo.html
[2025-02-03 18:51:02.9710 -05:00] [INFO] [Export-BitLockerHtmlPage, Ln: 78] Output from Get-BitlockerRecoveryKeys saved to 009_BitLockerInfo.html
[2025-02-03 18:51:03.1015 -05:00] [INFO] [Export-HtmlReport, Ln: 334] tx3-triage script has completed successfully
[2025-02-03 18:51:03.1146 -05:00] [INFO] [Export-HtmlReport, Ln: 342] Script execution completed in: 0 days 0 hours 5 minutes 55 seconds
